[handleMsg]:  {
  key: {
    remoteJid: '50377582175@s.whatsapp.net',
    fromMe: false,
    id: '42C95CE96940BCC0989A1B4BF7505B6C',
    participant: undefined
  },
  messageTimestamp: 1718210577,
  pushName: 'Cortez',
  broadcast: false,
  message: Message {
    conversation: '/listar',
    messageContextInfo: MessageContextInfo {
      deviceListMetadata: [DeviceListMetadata],
      deviceListMetadataVersion: 2
    }
  },
  body: '/listar',
  from: '50377582175@s.whatsapp.net'
}
[QUEUE_SE_ENVIO]:  {
  ref: 'ans_5d7c82fc-8e65-43ef-9366-d6160acc05b2',
  keyword: 'key_9c894296-a6aa-48aa-8ccc-9e3a2c031755',
  answer: '🕒 Procesando tu solicitud...',
  options: {
    media: null,
    buttons: [],
    capture: false,
    child: null,
    delay: 0,
    idle: null,
    ref: null,
    nested: [],
    keyword: {},
    callback: true
  },
  refSerialize: '2d078148ffd6987f58d9406d7f7520a3'
}
[handleMsg]:  {
  key: {
    remoteJid: '120363309875292734@g.us',
    fromMe: false,
    id: 'C8C369ABF20D20C1BF57F2CCB8164F60',
    participant: '50377582175@s.whatsapp.net'
  },
  messageTimestamp: 1718210587,
  pushName: 'Cortez',
  broadcast: false,
  message: Message { conversation: '/listar' },
  body: '/listar',
  from: '120363309875292734@g.us'
}
[QUEUE_SE_ENVIO]:  {
  ref: 'ans_5d7c82fc-8e65-43ef-9366-d6160acc05b2',
  keyword: 'key_9c894296-a6aa-48aa-8ccc-9e3a2c031755',
  answer: '🕒 Procesando tu solicitud...',
  options: {
    media: null,
    buttons: [],
    capture: false,
    child: null,
    delay: 0,
    idle: null,
    ref: null,
    nested: [],
    keyword: {},
    callback: true
  },
  refSerialize: '2d078148ffd6987f58d9406d7f7520a3'
}
